<?xml version="1.0" encoding="UTF-8"?>
<coverage generated="1683095909526" clover="3.2.0">
  <project timestamp="1683095909526" name="All files">
    <metrics statements="134" coveredstatements="134" conditionals="72" coveredconditionals="72" methods="29" coveredmethods="29" elements="235" coveredelements="235" complexity="0" loc="134" ncloc="134" packages="1" files="3" classes="3"/>
    <file name="Const.js" path="C:\Users\m.kikuzawa\Documents\git\dot-notation.js\src\Const.js">
      <metrics statements="8" coveredstatements="8" conditionals="0" coveredconditionals="0" methods="0" coveredmethods="0"/>
      <line num="2" count="2" type="stmt"/>
      <line num="3" count="2" type="stmt"/>
      <line num="4" count="2" type="stmt"/>
      <line num="5" count="2" type="stmt"/>
      <line num="6" count="2" type="stmt"/>
      <line num="7" count="2" type="stmt"/>
      <line num="12" count="2" type="stmt"/>
      <line num="18" count="2" type="stmt"/>
    </file>
    <file name="Handler.js" path="C:\Users\m.kikuzawa\Documents\git\dot-notation.js\src\Handler.js">
      <metrics statements="90" coveredstatements="90" conditionals="62" coveredconditionals="62" methods="21" coveredmethods="21"/>
      <line num="12" count="9" type="stmt"/>
      <line num="16" count="9" type="stmt"/>
      <line num="19" count="262" type="stmt"/>
      <line num="23" count="27" type="stmt"/>
      <line num="30" count="1" type="stmt"/>
      <line num="41" count="301" type="stmt"/>
      <line num="42" count="301" type="cond" truecount="2" falsecount="0"/>
      <line num="43" count="138" type="stmt"/>
      <line num="45" count="163" type="cond" truecount="2" falsecount="0"/>
      <line num="46" count="158" type="stmt"/>
      <line num="47" count="158" type="stmt"/>
      <line num="48" count="158" type="cond" truecount="2" falsecount="0"/>
      <line num="49" count="155" type="cond" truecount="2" falsecount="0"/>
      <line num="50" count="155" type="stmt"/>
      <line num="54" count="301" type="stmt"/>
      <line num="65" count="38" type="stmt"/>
      <line num="66" count="38" type="cond" truecount="4" falsecount="0"/>
      <line num="67" count="10" type="stmt"/>
      <line num="69" count="28" type="stmt"/>
      <line num="70" count="28" type="stmt"/>
      <line num="71" count="28" type="cond" truecount="2" falsecount="0"/>
      <line num="72" count="27" type="cond" truecount="2" falsecount="0"/>
      <line num="73" count="27" type="stmt"/>
      <line num="76" count="38" type="stmt"/>
      <line num="86" count="152" type="stmt"/>
      <line num="87" count="152" type="stmt"/>
      <line num="88" count="152" type="stmt"/>
      <line num="90" count="152" type="stmt"/>
      <line num="100" count="105" type="stmt"/>
      <line num="101" count="106" type="stmt"/>
      <line num="109" count="44" type="stmt"/>
      <line num="110" count="33" type="stmt"/>
      <line num="120" count="12" type="stmt"/>
      <line num="121" count="12" type="stmt"/>
      <line num="122" count="12" type="cond" truecount="2" falsecount="0"/>
      <line num="123" count="11" type="stmt"/>
      <line num="124" count="34" type="stmt"/>
      <line num="135" count="10" type="stmt"/>
      <line num="136" count="10" type="stmt"/>
      <line num="137" count="10" type="stmt"/>
      <line num="138" count="10" type="cond" truecount="2" falsecount="0"/>
      <line num="139" count="9" type="stmt"/>
      <line num="140" count="9" type="stmt"/>
      <line num="141" count="9" type="cond" truecount="2" falsecount="0"/>
      <line num="143" count="4" type="stmt"/>
      <line num="145" count="5" type="cond" truecount="2" falsecount="0"/>
      <line num="146" count="2" type="stmt"/>
      <line num="147" count="6" type="stmt"/>
      <line num="150" count="6" type="stmt"/>
      <line num="161" count="83" type="stmt"/>
      <line num="162" count="83" type="stmt"/>
      <line num="164" count="83" type="cond" truecount="2" falsecount="0"/>
      <line num="166" count="6" type="stmt"/>
      <line num="167" count="8" type="stmt"/>
      <line num="169" count="77" type="cond" truecount="2" falsecount="0"/>
      <line num="171" count="4" type="stmt"/>
      <line num="172" count="5" type="stmt"/>
      <line num="174" count="73" type="cond" truecount="2" falsecount="0"/>
      <line num="175" count="1" type="stmt"/>
      <line num="176" count="72" type="cond" truecount="2" falsecount="0"/>
      <line num="179" count="7" type="cond" truecount="2" falsecount="0"/>
      <line num="181" count="65" type="cond" truecount="2" falsecount="0"/>
      <line num="182" count="13" type="stmt"/>
      <line num="183" count="13" type="stmt"/>
      <line num="184" count="13" type="cond" truecount="4" falsecount="0"/>
      <line num="185" count="12" type="cond" truecount="2" falsecount="0"/>
      <line num="186" count="12" type="stmt"/>
      <line num="188" count="52" type="cond" truecount="2" falsecount="0"/>
      <line num="189" count="23" type="stmt"/>
      <line num="191" count="29" type="stmt"/>
      <line num="192" count="29" type="cond" truecount="2" falsecount="0"/>
      <line num="193" count="20" type="stmt"/>
      <line num="195" count="29" type="cond" truecount="2" falsecount="0"/>
      <line num="196" count="29" type="stmt"/>
      <line num="207" count="34" type="stmt"/>
      <line num="208" count="34" type="stmt"/>
      <line num="209" count="34" type="cond" truecount="2" falsecount="0"/>
      <line num="210" count="11" type="stmt"/>
      <line num="211" count="11" type="stmt"/>
      <line num="212" count="11" type="cond" truecount="4" falsecount="0"/>
      <line num="213" count="10" type="cond" truecount="2" falsecount="0"/>
      <line num="214" count="10" type="stmt"/>
      <line num="216" count="23" type="cond" truecount="2" falsecount="0"/>
      <line num="217" count="15" type="stmt"/>
      <line num="219" count="8" type="stmt"/>
      <line num="220" count="8" type="cond" truecount="2" falsecount="0"/>
      <line num="221" count="5" type="stmt"/>
      <line num="223" count="8" type="stmt"/>
      <line num="224" count="8" type="cond" truecount="2" falsecount="0"/>
      <line num="225" count="8" type="stmt"/>
    </file>
    <file name="PropertyName.js" path="C:\Users\m.kikuzawa\Documents\git\dot-notation.js\src\PropertyName.js">
      <metrics statements="36" coveredstatements="36" conditionals="10" coveredconditionals="10" methods="8" coveredmethods="8"/>
      <line num="11" count="41" type="stmt"/>
      <line num="15" count="41" type="stmt"/>
      <line num="23" count="41" type="stmt"/>
      <line num="35" count="41" type="stmt"/>
      <line num="46" count="41" type="stmt"/>
      <line num="47" count="41" type="stmt"/>
      <line num="48" count="41" type="stmt"/>
      <line num="49" count="41" type="stmt"/>
      <line num="50" count="70" type="cond" truecount="2" falsecount="0"/>
      <line num="51" count="70" type="stmt"/>
      <line num="52" count="70" type="stmt"/>
      <line num="53" count="41" type="stmt"/>
      <line num="54" count="41" type="stmt"/>
      <line num="55" count="41" type="stmt"/>
      <line num="56" count="41" type="stmt"/>
      <line num="57" count="111" type="stmt"/>
      <line num="58" count="41" type="stmt"/>
      <line num="62" count="23" type="stmt"/>
      <line num="71" count="49" type="cond" truecount="2" falsecount="0"/>
      <line num="72" count="25" type="cond" truecount="2" falsecount="0"/>
      <line num="73" count="21" type="stmt"/>
      <line num="82" count="330" type="stmt"/>
      <line num="83" count="330" type="cond" truecount="2" falsecount="0"/>
      <line num="84" count="34" type="stmt"/>
      <line num="85" count="34" type="stmt"/>
      <line num="86" count="34" type="stmt"/>
      <line num="91" count="2" type="stmt"/>
      <line num="99" count="47" type="stmt"/>
      <line num="100" count="47" type="stmt"/>
      <line num="101" count="47" type="stmt"/>
      <line num="102" count="127" type="stmt"/>
      <line num="103" count="127" type="cond" truecount="2" falsecount="0"/>
      <line num="104" count="95" type="stmt"/>
      <line num="106" count="32" type="stmt"/>
      <line num="107" count="32" type="stmt"/>
      <line num="110" count="47" type="stmt"/>
    </file>
  </project>
</coverage>
