<?xml version="1.0" encoding="UTF-8"?>
<coverage generated="1681020716314" clover="3.2.0">
  <project timestamp="1681020716314" name="All files">
    <metrics statements="100" coveredstatements="100" conditionals="52" coveredconditionals="52" methods="17" coveredmethods="17" elements="169" coveredelements="169" complexity="0" loc="100" ncloc="100" packages="1" files="3" classes="3"/>
    <file name="Handler.js" path="C:\Users\m.kikuzawa\Documents\git\dot-notation.js\src\Handler.js">
      <metrics statements="81" coveredstatements="81" conditionals="50" coveredconditionals="50" methods="14" coveredmethods="14"/>
      <line num="4" count="1" type="stmt"/>
      <line num="5" count="1" type="stmt"/>
      <line num="15" count="16" type="stmt"/>
      <line num="38" count="16" type="stmt"/>
      <line num="39" count="16" type="cond" truecount="2" falsecount="0"/>
      <line num="40" count="16" type="cond" truecount="2" falsecount="0"/>
      <line num="41" count="16" type="cond" truecount="2" falsecount="0"/>
      <line num="45" count="141" type="stmt"/>
      <line num="56" count="298" type="stmt"/>
      <line num="57" count="298" type="stmt"/>
      <line num="58" count="298" type="cond" truecount="2" falsecount="0"/>
      <line num="59" count="115" type="cond" truecount="2" falsecount="0"/>
      <line num="60" count="97" type="stmt"/>
      <line num="62" count="298" type="cond" truecount="2" falsecount="0"/>
      <line num="63" count="296" type="stmt"/>
      <line num="64" count="296" type="cond" truecount="2" falsecount="0"/>
      <line num="65" count="188" type="stmt"/>
      <line num="67" count="108" type="stmt"/>
      <line num="70" count="2" type="stmt"/>
      <line num="83" count="61" type="stmt"/>
      <line num="84" count="61" type="stmt"/>
      <line num="85" count="61" type="cond" truecount="2" falsecount="0"/>
      <line num="86" count="31" type="cond" truecount="2" falsecount="0"/>
      <line num="87" count="22" type="stmt"/>
      <line num="89" count="61" type="cond" truecount="2" falsecount="0"/>
      <line num="90" count="60" type="stmt"/>
      <line num="91" count="60" type="cond" truecount="2" falsecount="0"/>
      <line num="92" count="17" type="stmt"/>
      <line num="94" count="43" type="stmt"/>
      <line num="97" count="1" type="stmt"/>
      <line num="109" count="55" type="cond" truecount="2" falsecount="0"/>
      <line num="110" count="33" type="stmt"/>
      <line num="112" count="22" type="stmt"/>
      <line num="113" count="22" type="cond" truecount="2" falsecount="0"/>
      <line num="114" count="22" type="stmt"/>
      <line num="126" count="12" type="cond" truecount="2" falsecount="0"/>
      <line num="127" count="5" type="stmt"/>
      <line num="128" count="5" type="stmt"/>
      <line num="130" count="7" type="stmt"/>
      <line num="131" count="7" type="cond" truecount="2" falsecount="0"/>
      <line num="132" count="7" type="stmt"/>
      <line num="133" count="7" type="stmt"/>
      <line num="144" count="276" type="cond" truecount="2" falsecount="0"/>
      <line num="145" count="27" type="cond" truecount="2" falsecount="0"/>
      <line num="146" count="15" type="stmt"/>
      <line num="148" count="12" type="stmt"/>
      <line num="149" count="11" type="stmt"/>
      <line num="150" count="11" type="stmt"/>
      <line num="151" count="11" type="stmt"/>
      <line num="153" count="11" type="stmt"/>
      <line num="156" count="12" type="cond" truecount="2" falsecount="0"/>
      <line num="157" count="5" type="stmt"/>
      <line num="159" count="7" type="stmt"/>
      <line num="160" count="28" type="stmt"/>
      <line num="161" count="28" type="cond" truecount="2" falsecount="0"/>
      <line num="162" count="6" type="stmt"/>
      <line num="163" count="6" type="stmt"/>
      <line num="165" count="1" type="stmt"/>
      <line num="167" count="249" type="cond" truecount="2" falsecount="0"/>
      <line num="168" count="41" type="stmt"/>
      <line num="170" count="208" type="stmt"/>
      <line num="182" count="356" type="stmt"/>
      <line num="193" count="31" type="cond" truecount="2" falsecount="0"/>
      <line num="194" count="13" type="cond" truecount="2" falsecount="0"/>
      <line num="195" count="7" type="stmt"/>
      <line num="197" count="6" type="stmt"/>
      <line num="198" count="5" type="stmt"/>
      <line num="199" count="5" type="stmt"/>
      <line num="200" count="5" type="stmt"/>
      <line num="202" count="5" type="stmt"/>
      <line num="205" count="6" type="cond" truecount="2" falsecount="0"/>
      <line num="206" count="4" type="stmt"/>
      <line num="208" count="2" type="stmt"/>
      <line num="209" count="12" type="stmt"/>
      <line num="210" count="12" type="cond" truecount="2" falsecount="0"/>
      <line num="211" count="1" type="stmt"/>
      <line num="212" count="1" type="stmt"/>
      <line num="214" count="1" type="stmt"/>
      <line num="216" count="18" type="cond" truecount="2" falsecount="0"/>
      <line num="217" count="17" type="stmt"/>
      <line num="219" count="1" type="stmt"/>
    </file>
    <file name="PropertyName.js" path="C:\Users\m.kikuzawa\Documents\git\dot-notation.js\src\PropertyName.js">
      <metrics statements="18" coveredstatements="18" conditionals="2" coveredconditionals="2" methods="3" coveredmethods="3"/>
      <line num="1" count="2" type="stmt"/>
      <line num="2" count="2" type="stmt"/>
      <line num="12" count="20" type="stmt"/>
      <line num="16" count="20" type="stmt"/>
      <line num="28" count="20" type="stmt"/>
      <line num="35" count="20" type="stmt"/>
      <line num="36" count="20" type="stmt"/>
      <line num="37" count="20" type="stmt"/>
      <line num="38" count="20" type="stmt"/>
      <line num="39" count="20" type="stmt"/>
      <line num="40" count="20" type="stmt"/>
      <line num="41" count="40" type="stmt"/>
      <line num="50" count="69" type="stmt"/>
      <line num="51" count="69" type="cond" truecount="2" falsecount="0"/>
      <line num="52" count="13" type="stmt"/>
      <line num="53" count="13" type="stmt"/>
      <line num="54" count="13" type="stmt"/>
      <line num="59" count="2" type="stmt"/>
    </file>
    <file name="Symbols.js" path="C:\Users\m.kikuzawa\Documents\git\dot-notation.js\src\Symbols.js">
      <metrics statements="1" coveredstatements="1" conditionals="0" coveredconditionals="0" methods="0" coveredmethods="0"/>
      <line num="2" count="1" type="stmt"/>
    </file>
  </project>
</coverage>
