{"C:\\Users\\m.kikuzawa\\Documents\\git\\dot-notation.js\\src\\Const.js": {"path":"C:\\Users\\m.kikuzawa\\Documents\\git\\dot-notation.js\\src\\Const.js","statementMap":{"0":{"start":{"line":2,"column":24},"end":{"line":2,"column":27}},"1":{"start":{"line":3,"column":25},"end":{"line":3,"column":28}},"2":{"start":{"line":4,"column":19},"end":{"line":4,"column":33}},"3":{"start":{"line":5,"column":30},"end":{"line":5,"column":68}},"4":{"start":{"line":6,"column":30},"end":{"line":6,"column":68}}},"fnMap":{},"branchMap":{},"s":{"0":2,"1":2,"2":2,"3":2,"4":2},"f":{},"b":{},"inputSourceMap":null,"_coverageSchema":"1a1c01bbd47fc00a2c39e90264f33305004495a9","hash":"a132263e27b626cacb4b304ad84e5e9b95ac9255"}
,"C:\\Users\\m.kikuzawa\\Documents\\git\\dot-notation.js\\src\\Handler.js": {"path":"C:\\Users\\m.kikuzawa\\Documents\\git\\dot-notation.js\\src\\Handler.js","statementMap":{"0":{"start":{"line":12,"column":18},"end":{"line":12,"column":20}},"1":{"start":{"line":31,"column":4},"end":{"line":31,"column":80}},"2":{"start":{"line":31,"column":35},"end":{"line":31,"column":80}},"3":{"start":{"line":32,"column":4},"end":{"line":32,"column":62}},"4":{"start":{"line":33,"column":4},"end":{"line":33,"column":90}},"5":{"start":{"line":33,"column":63},"end":{"line":33,"column":88}},"6":{"start":{"line":34,"column":4},"end":{"line":34,"column":32}},"7":{"start":{"line":38,"column":4},"end":{"line":38,"column":61}},"8":{"start":{"line":42,"column":4},"end":{"line":42,"column":30}},"9":{"start":{"line":49,"column":4},"end":{"line":49,"column":40}},"10":{"start":{"line":56,"column":4},"end":{"line":56,"column":38}},"11":{"start":{"line":63,"column":4},"end":{"line":63,"column":29}},"12":{"start":{"line":75,"column":4},"end":{"line":81,"column":5}},"13":{"start":{"line":76,"column":6},"end":{"line":76,"column":59}},"14":{"start":{"line":78,"column":26},"end":{"line":78,"column":109}},"15":{"start":{"line":79,"column":27},"end":{"line":79,"column":126}},"16":{"start":{"line":80,"column":6},"end":{"line":80,"column":53}},"17":{"start":{"line":82,"column":4},"end":{"line":82,"column":17}},"18":{"start":{"line":94,"column":4},"end":{"line":100,"column":5}},"19":{"start":{"line":95,"column":6},"end":{"line":95,"column":58}},"20":{"start":{"line":97,"column":26},"end":{"line":97,"column":109}},"21":{"start":{"line":98,"column":27},"end":{"line":98,"column":126}},"22":{"start":{"line":99,"column":6},"end":{"line":99,"column":52}},"23":{"start":{"line":101,"column":4},"end":{"line":101,"column":16}},"24":{"start":{"line":105,"column":4},"end":{"line":105,"column":37}},"25":{"start":{"line":106,"column":4},"end":{"line":110,"column":5}},"26":{"start":{"line":107,"column":6},"end":{"line":107,"column":47}},"27":{"start":{"line":109,"column":6},"end":{"line":109,"column":31}},"28":{"start":{"line":121,"column":4},"end":{"line":137,"column":5}},"29":{"start":{"line":122,"column":6},"end":{"line":127,"column":7}},"30":{"start":{"line":123,"column":8},"end":{"line":125,"column":9}},"31":{"start":{"line":124,"column":10},"end":{"line":124,"column":120}},"32":{"start":{"line":124,"column":50},"end":{"line":124,"column":118}},"33":{"start":{"line":126,"column":8},"end":{"line":126,"column":54}},"34":{"start":{"line":128,"column":11},"end":{"line":137,"column":5}},"35":{"start":{"line":129,"column":6},"end":{"line":134,"column":7}},"36":{"start":{"line":130,"column":8},"end":{"line":132,"column":9}},"37":{"start":{"line":131,"column":10},"end":{"line":131,"column":127}},"38":{"start":{"line":131,"column":50},"end":{"line":131,"column":125}},"39":{"start":{"line":133,"column":8},"end":{"line":133,"column":54}},"40":{"start":{"line":135,"column":11},"end":{"line":137,"column":5}},"41":{"start":{"line":136,"column":6},"end":{"line":136,"column":67}},"42":{"start":{"line":138,"column":4},"end":{"line":140,"column":5}},"43":{"start":{"line":139,"column":6},"end":{"line":139,"column":82}},"44":{"start":{"line":141,"column":20},"end":{"line":143,"column":5}},"45":{"start":{"line":142,"column":6},"end":{"line":142,"column":106}},"46":{"start":{"line":142,"column":53},"end":{"line":142,"column":104}},"47":{"start":{"line":144,"column":4},"end":{"line":146,"column":5}},"48":{"start":{"line":145,"column":6},"end":{"line":145,"column":50}},"49":{"start":{"line":147,"column":4},"end":{"line":152,"column":5}},"50":{"start":{"line":148,"column":20},"end":{"line":148,"column":46}},"51":{"start":{"line":149,"column":6},"end":{"line":149,"column":27}},"52":{"start":{"line":149,"column":18},"end":{"line":149,"column":27}},"53":{"start":{"line":150,"column":6},"end":{"line":150,"column":53}},"54":{"start":{"line":151,"column":6},"end":{"line":151,"column":40}},"55":{"start":{"line":153,"column":4},"end":{"line":153,"column":50}},"56":{"start":{"line":164,"column":4},"end":{"line":166,"column":5}},"57":{"start":{"line":165,"column":6},"end":{"line":165,"column":89}},"58":{"start":{"line":167,"column":20},"end":{"line":169,"column":5}},"59":{"start":{"line":168,"column":6},"end":{"line":168,"column":113}},"60":{"start":{"line":168,"column":53},"end":{"line":168,"column":111}},"61":{"start":{"line":170,"column":4},"end":{"line":172,"column":5}},"62":{"start":{"line":171,"column":6},"end":{"line":171,"column":57}},"63":{"start":{"line":173,"column":4},"end":{"line":178,"column":5}},"64":{"start":{"line":174,"column":20},"end":{"line":174,"column":46}},"65":{"start":{"line":175,"column":6},"end":{"line":175,"column":27}},"66":{"start":{"line":175,"column":18},"end":{"line":175,"column":27}},"67":{"start":{"line":176,"column":6},"end":{"line":176,"column":53}},"68":{"start":{"line":177,"column":6},"end":{"line":177,"column":47}},"69":{"start":{"line":179,"column":4},"end":{"line":179,"column":50}}},"fnMap":{"0":{"name":"(anonymous_0)","decl":{"start":{"line":30,"column":2},"end":{"line":30,"column":3}},"loc":{"start":{"line":30,"column":33},"end":{"line":35,"column":3}},"line":30},"1":{"name":"(anonymous_1)","decl":{"start":{"line":33,"column":55},"end":{"line":33,"column":56}},"loc":{"start":{"line":33,"column":63},"end":{"line":33,"column":88}},"line":33},"2":{"name":"(anonymous_2)","decl":{"start":{"line":37,"column":2},"end":{"line":37,"column":3}},"loc":{"start":{"line":37,"column":20},"end":{"line":39,"column":3}},"line":37},"3":{"name":"(anonymous_3)","decl":{"start":{"line":41,"column":2},"end":{"line":41,"column":3}},"loc":{"start":{"line":41,"column":21},"end":{"line":43,"column":3}},"line":41},"4":{"name":"(anonymous_4)","decl":{"start":{"line":48,"column":2},"end":{"line":48,"column":3}},"loc":{"start":{"line":48,"column":31},"end":{"line":50,"column":3}},"line":48},"5":{"name":"(anonymous_5)","decl":{"start":{"line":55,"column":2},"end":{"line":55,"column":3}},"loc":{"start":{"line":55,"column":29},"end":{"line":57,"column":3}},"line":55},"6":{"name":"(anonymous_6)","decl":{"start":{"line":62,"column":2},"end":{"line":62,"column":3}},"loc":{"start":{"line":62,"column":20},"end":{"line":64,"column":3}},"line":62},"7":{"name":"(anonymous_7)","decl":{"start":{"line":119,"column":2},"end":{"line":119,"column":3}},"loc":{"start":{"line":119,"column":30},"end":{"line":154,"column":3}},"line":119},"8":{"name":"(anonymous_8)","decl":{"start":{"line":122,"column":13},"end":{"line":122,"column":14}},"loc":{"start":{"line":122,"column":32},"end":{"line":127,"column":7}},"line":122},"9":{"name":"(anonymous_9)","decl":{"start":{"line":124,"column":44},"end":{"line":124,"column":45}},"loc":{"start":{"line":124,"column":50},"end":{"line":124,"column":118}},"line":124},"10":{"name":"(anonymous_10)","decl":{"start":{"line":129,"column":13},"end":{"line":129,"column":14}},"loc":{"start":{"line":129,"column":39},"end":{"line":134,"column":7}},"line":129},"11":{"name":"(anonymous_11)","decl":{"start":{"line":131,"column":44},"end":{"line":131,"column":45}},"loc":{"start":{"line":131,"column":50},"end":{"line":131,"column":125}},"line":131},"12":{"name":"(anonymous_12)","decl":{"start":{"line":141,"column":20},"end":{"line":141,"column":21}},"loc":{"start":{"line":141,"column":43},"end":{"line":143,"column":5}},"line":141},"13":{"name":"(anonymous_13)","decl":{"start":{"line":142,"column":47},"end":{"line":142,"column":48}},"loc":{"start":{"line":142,"column":53},"end":{"line":142,"column":104}},"line":142},"14":{"name":"(anonymous_14)","decl":{"start":{"line":163,"column":2},"end":{"line":163,"column":3}},"loc":{"start":{"line":163,"column":37},"end":{"line":180,"column":3}},"line":163},"15":{"name":"(anonymous_15)","decl":{"start":{"line":167,"column":20},"end":{"line":167,"column":21}},"loc":{"start":{"line":167,"column":50},"end":{"line":169,"column":5}},"line":167},"16":{"name":"(anonymous_16)","decl":{"start":{"line":168,"column":47},"end":{"line":168,"column":48}},"loc":{"start":{"line":168,"column":53},"end":{"line":168,"column":111}},"line":168}},"branchMap":{"0":{"loc":{"start":{"line":31,"column":4},"end":{"line":31,"column":80}},"type":"if","locations":[{"start":{"line":31,"column":4},"end":{"line":31,"column":80}},{"start":{},"end":{}}],"line":31},"1":{"loc":{"start":{"line":75,"column":4},"end":{"line":81,"column":5}},"type":"if","locations":[{"start":{"line":75,"column":4},"end":{"line":81,"column":5}},{"start":{"line":77,"column":11},"end":{"line":81,"column":5}}],"line":75},"2":{"loc":{"start":{"line":79,"column":27},"end":{"line":79,"column":126}},"type":"cond-expr","locations":[{"start":{"line":79,"column":66},"end":{"line":79,"column":102}},{"start":{"line":79,"column":105},"end":{"line":79,"column":126}}],"line":79},"3":{"loc":{"start":{"line":94,"column":4},"end":{"line":100,"column":5}},"type":"if","locations":[{"start":{"line":94,"column":4},"end":{"line":100,"column":5}},{"start":{"line":96,"column":11},"end":{"line":100,"column":5}}],"line":94},"4":{"loc":{"start":{"line":98,"column":27},"end":{"line":98,"column":126}},"type":"cond-expr","locations":[{"start":{"line":98,"column":66},"end":{"line":98,"column":102}},{"start":{"line":98,"column":105},"end":{"line":98,"column":126}}],"line":98},"5":{"loc":{"start":{"line":121,"column":4},"end":{"line":137,"column":5}},"type":"if","locations":[{"start":{"line":121,"column":4},"end":{"line":137,"column":5}},{"start":{"line":128,"column":11},"end":{"line":137,"column":5}}],"line":121},"6":{"loc":{"start":{"line":123,"column":8},"end":{"line":125,"column":9}},"type":"if","locations":[{"start":{"line":123,"column":8},"end":{"line":125,"column":9}},{"start":{},"end":{}}],"line":123},"7":{"loc":{"start":{"line":128,"column":11},"end":{"line":137,"column":5}},"type":"if","locations":[{"start":{"line":128,"column":11},"end":{"line":137,"column":5}},{"start":{"line":135,"column":11},"end":{"line":137,"column":5}}],"line":128},"8":{"loc":{"start":{"line":130,"column":8},"end":{"line":132,"column":9}},"type":"if","locations":[{"start":{"line":130,"column":8},"end":{"line":132,"column":9}},{"start":{},"end":{}}],"line":130},"9":{"loc":{"start":{"line":135,"column":11},"end":{"line":137,"column":5}},"type":"if","locations":[{"start":{"line":135,"column":11},"end":{"line":137,"column":5}},{"start":{},"end":{}}],"line":135},"10":{"loc":{"start":{"line":136,"column":13},"end":{"line":136,"column":66}},"type":"binary-expr","locations":[{"start":{"line":136,"column":13},"end":{"line":136,"column":53}},{"start":{"line":136,"column":57},"end":{"line":136,"column":66}}],"line":136},"11":{"loc":{"start":{"line":138,"column":4},"end":{"line":140,"column":5}},"type":"if","locations":[{"start":{"line":138,"column":4},"end":{"line":140,"column":5}},{"start":{},"end":{}}],"line":138},"12":{"loc":{"start":{"line":144,"column":4},"end":{"line":146,"column":5}},"type":"if","locations":[{"start":{"line":144,"column":4},"end":{"line":146,"column":5}},{"start":{},"end":{}}],"line":144},"13":{"loc":{"start":{"line":149,"column":6},"end":{"line":149,"column":27}},"type":"if","locations":[{"start":{"line":149,"column":6},"end":{"line":149,"column":27}},{"start":{},"end":{}}],"line":149},"14":{"loc":{"start":{"line":164,"column":4},"end":{"line":166,"column":5}},"type":"if","locations":[{"start":{"line":164,"column":4},"end":{"line":166,"column":5}},{"start":{},"end":{}}],"line":164},"15":{"loc":{"start":{"line":170,"column":4},"end":{"line":172,"column":5}},"type":"if","locations":[{"start":{"line":170,"column":4},"end":{"line":172,"column":5}},{"start":{},"end":{}}],"line":170},"16":{"loc":{"start":{"line":175,"column":6},"end":{"line":175,"column":27}},"type":"if","locations":[{"start":{"line":175,"column":6},"end":{"line":175,"column":27}},{"start":{},"end":{}}],"line":175}},"s":{"0":9,"1":9,"2":1,"3":8,"4":8,"5":26,"6":8,"7":53,"8":7,"9":6,"10":4,"11":1,"12":129,"13":67,"14":62,"15":62,"16":62,"17":129,"18":24,"19":9,"20":15,"21":15,"22":15,"23":24,"24":40,"25":40,"26":40,"27":40,"28":62,"29":4,"30":6,"31":4,"32":4,"33":2,"34":58,"35":2,"36":3,"37":2,"38":2,"39":1,"40":56,"41":7,"42":49,"43":25,"44":24,"45":23,"46":23,"47":24,"48":11,"49":13,"50":52,"51":52,"52":40,"53":12,"54":12,"55":1,"56":23,"57":11,"58":12,"59":11,"60":11,"61":12,"62":6,"63":6,"64":28,"65":28,"66":23,"67":5,"68":5,"69":1},"f":{"0":9,"1":26,"2":53,"3":7,"4":6,"5":4,"6":1,"7":62,"8":6,"9":4,"10":3,"11":2,"12":23,"13":23,"14":23,"15":11,"16":11},"b":{"0":[1,8],"1":[67,62],"2":[37,25],"3":[9,15],"4":[3,12],"5":[4,58],"6":[4,2],"7":[2,56],"8":[2,1],"9":[7,49],"10":[7,2],"11":[25,24],"12":[11,13],"13":[40,12],"14":[11,12],"15":[6,6],"16":[23,5]},"inputSourceMap":null,"_coverageSchema":"1a1c01bbd47fc00a2c39e90264f33305004495a9","hash":"87985e65389ef15ffb8eee9951f54665136fe7a1"}
,"C:\\Users\\m.kikuzawa\\Documents\\git\\dot-notation.js\\src\\PropertyName.js": {"path":"C:\\Users\\m.kikuzawa\\Documents\\git\\dot-notation.js\\src\\PropertyName.js","statementMap":{"0":{"start":{"line":11,"column":14},"end":{"line":11,"column":16}},"1":{"start":{"line":15,"column":20},"end":{"line":15,"column":22}},"2":{"start":{"line":27,"column":10},"end":{"line":27,"column":11}},"3":{"start":{"line":34,"column":4},"end":{"line":34,"column":21}},"4":{"start":{"line":35,"column":4},"end":{"line":35,"column":43}},"5":{"start":{"line":36,"column":4},"end":{"line":36,"column":55}},"6":{"start":{"line":37,"column":4},"end":{"line":37,"column":59}},"7":{"start":{"line":38,"column":4},"end":{"line":38,"column":46}},"8":{"start":{"line":39,"column":4},"end":{"line":39,"column":105}},"9":{"start":{"line":40,"column":4},"end":{"line":40,"column":81}},"10":{"start":{"line":40,"column":51},"end":{"line":40,"column":72}},"11":{"start":{"line":49,"column":25},"end":{"line":49,"column":58}},"12":{"start":{"line":50,"column":4},"end":{"line":50,"column":42}},"13":{"start":{"line":50,"column":22},"end":{"line":50,"column":42}},"14":{"start":{"line":51,"column":28},"end":{"line":51,"column":50}},"15":{"start":{"line":52,"column":4},"end":{"line":52,"column":55}},"16":{"start":{"line":53,"column":4},"end":{"line":53,"column":27}},"17":{"start":{"line":58,"column":30},"end":{"line":58,"column":37}}},"fnMap":{"0":{"name":"(anonymous_0)","decl":{"start":{"line":33,"column":2},"end":{"line":33,"column":3}},"loc":{"start":{"line":33,"column":20},"end":{"line":41,"column":3}},"line":33},"1":{"name":"(anonymous_1)","decl":{"start":{"line":40,"column":39},"end":{"line":40,"column":40}},"loc":{"start":{"line":40,"column":51},"end":{"line":40,"column":72}},"line":40},"2":{"name":"(anonymous_2)","decl":{"start":{"line":48,"column":2},"end":{"line":48,"column":3}},"loc":{"start":{"line":48,"column":22},"end":{"line":54,"column":3}},"line":48}},"branchMap":{"0":{"loc":{"start":{"line":50,"column":4},"end":{"line":50,"column":42}},"type":"if","locations":[{"start":{"line":50,"column":4},"end":{"line":50,"column":42}},{"start":{},"end":{}}],"line":50}},"s":{"0":20,"1":20,"2":20,"3":20,"4":20,"5":20,"6":20,"7":20,"8":20,"9":20,"10":40,"11":147,"12":147,"13":134,"14":13,"15":13,"16":13,"17":2},"f":{"0":20,"1":40,"2":147},"b":{"0":[134,13]},"inputSourceMap":null,"_coverageSchema":"1a1c01bbd47fc00a2c39e90264f33305004495a9","hash":"ddbc3e37b2ba4f44e55c117921c299580fb63259"}
}
