{"C:\\Users\\m.kikuzawa\\Documents\\git\\dot-notation.js\\src\\Const.js": {"path":"C:\\Users\\m.kikuzawa\\Documents\\git\\dot-notation.js\\src\\Const.js","statementMap":{"0":{"start":{"line":2,"column":24},"end":{"line":2,"column":27}},"1":{"start":{"line":3,"column":25},"end":{"line":3,"column":28}},"2":{"start":{"line":4,"column":19},"end":{"line":4,"column":33}},"3":{"start":{"line":5,"column":23},"end":{"line":5,"column":61}},"4":{"start":{"line":6,"column":23},"end":{"line":6,"column":61}},"5":{"start":{"line":7,"column":36},"end":{"line":7,"column":87}},"6":{"start":{"line":12,"column":23},"end":{"line":16,"column":1}},"7":{"start":{"line":18,"column":32},"end":{"line":18,"column":58}}},"fnMap":{},"branchMap":{},"s":{"0":2,"1":2,"2":2,"3":2,"4":2,"5":2,"6":2,"7":2},"f":{},"b":{},"inputSourceMap":null,"_coverageSchema":"1a1c01bbd47fc00a2c39e90264f33305004495a9","hash":"a2d79ab59055f311aa2ce54b003dc5c6f3ff6522"}
,"C:\\Users\\m.kikuzawa\\Documents\\git\\dot-notation.js\\src\\Handler.js": {"path":"C:\\Users\\m.kikuzawa\\Documents\\git\\dot-notation.js\\src\\Handler.js","statementMap":{"0":{"start":{"line":9,"column":24},"end":{"line":10,"column":84}},"1":{"start":{"line":9,"column":55},"end":{"line":10,"column":84}},"2":{"start":{"line":10,"column":2},"end":{"line":10,"column":84}},"3":{"start":{"line":12,"column":24},"end":{"line":13,"column":91}},"4":{"start":{"line":12,"column":55},"end":{"line":13,"column":91}},"5":{"start":{"line":13,"column":2},"end":{"line":13,"column":91}},"6":{"start":{"line":15,"column":29},"end":{"line":15,"column":64}},"7":{"start":{"line":15,"column":60},"end":{"line":15,"column":64}},"8":{"start":{"line":18,"column":21},"end":{"line":22,"column":1}},"9":{"start":{"line":28,"column":18},"end":{"line":28,"column":20}},"10":{"start":{"line":32,"column":17},"end":{"line":32,"column":24}},"11":{"start":{"line":35,"column":4},"end":{"line":35,"column":61}},"12":{"start":{"line":39,"column":4},"end":{"line":39,"column":30}},"13":{"start":{"line":46,"column":4},"end":{"line":46,"column":29}},"14":{"start":{"line":57,"column":18},"end":{"line":57,"column":62}},"15":{"start":{"line":58,"column":4},"end":{"line":58,"column":51}},"16":{"start":{"line":58,"column":38},"end":{"line":58,"column":51}},"17":{"start":{"line":59,"column":4},"end":{"line":66,"column":5}},"18":{"start":{"line":60,"column":29},"end":{"line":60,"column":69}},"19":{"start":{"line":61,"column":21},"end":{"line":61,"column":90}},"20":{"start":{"line":62,"column":6},"end":{"line":65,"column":7}},"21":{"start":{"line":63,"column":25},"end":{"line":63,"column":124}},"22":{"start":{"line":64,"column":8},"end":{"line":64,"column":32}},"23":{"start":{"line":77,"column":17},"end":{"line":77,"column":22}},"24":{"start":{"line":78,"column":4},"end":{"line":88,"column":5}},"25":{"start":{"line":79,"column":6},"end":{"line":79,"column":67}},"26":{"start":{"line":81,"column":29},"end":{"line":81,"column":69}},"27":{"start":{"line":82,"column":21},"end":{"line":82,"column":90}},"28":{"start":{"line":83,"column":6},"end":{"line":87,"column":7}},"29":{"start":{"line":84,"column":25},"end":{"line":84,"column":124}},"30":{"start":{"line":85,"column":8},"end":{"line":85,"column":33}},"31":{"start":{"line":86,"column":8},"end":{"line":86,"column":22}},"32":{"start":{"line":89,"column":4},"end":{"line":89,"column":18}},"33":{"start":{"line":99,"column":4},"end":{"line":99,"column":37}},"34":{"start":{"line":100,"column":4},"end":{"line":104,"column":5}},"35":{"start":{"line":101,"column":6},"end":{"line":101,"column":47}},"36":{"start":{"line":103,"column":6},"end":{"line":103,"column":31}},"37":{"start":{"line":113,"column":13},"end":{"line":114,"column":92}},"38":{"start":{"line":113,"column":35},"end":{"line":114,"column":92}},"39":{"start":{"line":114,"column":4},"end":{"line":114,"column":92}},"40":{"start":{"line":114,"column":37},"end":{"line":114,"column":91}},"41":{"start":{"line":122,"column":13},"end":{"line":123,"column":99}},"42":{"start":{"line":122,"column":35},"end":{"line":123,"column":99}},"43":{"start":{"line":123,"column":4},"end":{"line":123,"column":99}},"44":{"start":{"line":123,"column":37},"end":{"line":123,"column":98}},"45":{"start":{"line":133,"column":20},"end":{"line":133,"column":51}},"46":{"start":{"line":134,"column":4},"end":{"line":134,"column":126}},"47":{"start":{"line":134,"column":61},"end":{"line":134,"column":126}},"48":{"start":{"line":135,"column":21},"end":{"line":135,"column":76}},"49":{"start":{"line":136,"column":4},"end":{"line":136,"column":123}},"50":{"start":{"line":136,"column":71},"end":{"line":136,"column":121}},"51":{"start":{"line":147,"column":20},"end":{"line":147,"column":51}},"52":{"start":{"line":148,"column":20},"end":{"line":148,"column":51}},"53":{"start":{"line":149,"column":4},"end":{"line":149,"column":126}},"54":{"start":{"line":149,"column":61},"end":{"line":149,"column":126}},"55":{"start":{"line":150,"column":21},"end":{"line":150,"column":76}},"56":{"start":{"line":151,"column":23},"end":{"line":151,"column":60}},"57":{"start":{"line":152,"column":22},"end":{"line":152,"column":101}},"58":{"start":{"line":152,"column":94},"end":{"line":152,"column":100}},"59":{"start":{"line":153,"column":4},"end":{"line":161,"column":5}},"60":{"start":{"line":155,"column":6},"end":{"line":155,"column":55}},"61":{"start":{"line":157,"column":6},"end":{"line":157,"column":110}},"62":{"start":{"line":157,"column":50},"end":{"line":157,"column":110}},"63":{"start":{"line":158,"column":6},"end":{"line":160,"column":7}},"64":{"start":{"line":159,"column":8},"end":{"line":159,"column":77}},"65":{"start":{"line":162,"column":4},"end":{"line":162,"column":16}},"66":{"start":{"line":173,"column":21},"end":{"line":173,"column":46}},"67":{"start":{"line":174,"column":4},"end":{"line":174,"column":100}},"68":{"start":{"line":174,"column":44},"end":{"line":174,"column":98}},"69":{"start":{"line":185,"column":21},"end":{"line":185,"column":46}},"70":{"start":{"line":186,"column":4},"end":{"line":186,"column":107}},"71":{"start":{"line":186,"column":44},"end":{"line":186,"column":105}},"72":{"start":{"line":197,"column":25},"end":{"line":197,"column":49}},"73":{"start":{"line":198,"column":4},"end":{"line":200,"column":5}},"74":{"start":{"line":199,"column":6},"end":{"line":199,"column":49}},"75":{"start":{"line":201,"column":17},"end":{"line":201,"column":35}},"76":{"start":{"line":202,"column":4},"end":{"line":204,"column":5}},"77":{"start":{"line":203,"column":6},"end":{"line":203,"column":42}},"78":{"start":{"line":205,"column":20},"end":{"line":205,"column":51}},"79":{"start":{"line":206,"column":24},"end":{"line":206,"column":40}},"80":{"start":{"line":208,"column":4},"end":{"line":236,"column":5}},"81":{"start":{"line":209,"column":6},"end":{"line":220,"column":7}},"82":{"start":{"line":212,"column":8},"end":{"line":212,"column":64}},"83":{"start":{"line":214,"column":13},"end":{"line":220,"column":7}},"84":{"start":{"line":215,"column":21},"end":{"line":215,"column":34}},"85":{"start":{"line":216,"column":25},"end":{"line":216,"column":50}},"86":{"start":{"line":217,"column":8},"end":{"line":217,"column":104}},"87":{"start":{"line":217,"column":63},"end":{"line":217,"column":104}},"88":{"start":{"line":218,"column":28},"end":{"line":218,"column":75}},"89":{"start":{"line":219,"column":8},"end":{"line":219,"column":93}},"90":{"start":{"line":221,"column":6},"end":{"line":223,"column":7}},"91":{"start":{"line":222,"column":8},"end":{"line":222,"column":52}},"92":{"start":{"line":224,"column":25},"end":{"line":224,"column":49}},"93":{"start":{"line":225,"column":6},"end":{"line":233,"column":7}},"94":{"start":{"line":226,"column":8},"end":{"line":226,"column":48}},"95":{"start":{"line":227,"column":8},"end":{"line":227,"column":35}},"96":{"start":{"line":229,"column":8},"end":{"line":232,"column":11}},"97":{"start":{"line":235,"column":6},"end":{"line":235,"column":49}},"98":{"start":{"line":247,"column":25},"end":{"line":247,"column":49}},"99":{"start":{"line":248,"column":4},"end":{"line":276,"column":5}},"100":{"start":{"line":249,"column":6},"end":{"line":251,"column":7}},"101":{"start":{"line":250,"column":8},"end":{"line":250,"column":58}},"102":{"start":{"line":252,"column":22},"end":{"line":252,"column":53}},"103":{"start":{"line":253,"column":26},"end":{"line":253,"column":42}},"104":{"start":{"line":254,"column":6},"end":{"line":260,"column":7}},"105":{"start":{"line":255,"column":21},"end":{"line":255,"column":34}},"106":{"start":{"line":256,"column":25},"end":{"line":256,"column":50}},"107":{"start":{"line":257,"column":8},"end":{"line":257,"column":109}},"108":{"start":{"line":257,"column":68},"end":{"line":257,"column":109}},"109":{"start":{"line":258,"column":28},"end":{"line":258,"column":80}},"110":{"start":{"line":259,"column":8},"end":{"line":259,"column":107}},"111":{"start":{"line":261,"column":6},"end":{"line":263,"column":7}},"112":{"start":{"line":262,"column":8},"end":{"line":262,"column":59}},"113":{"start":{"line":264,"column":25},"end":{"line":264,"column":49}},"114":{"start":{"line":265,"column":6},"end":{"line":273,"column":7}},"115":{"start":{"line":266,"column":8},"end":{"line":266,"column":48}},"116":{"start":{"line":267,"column":8},"end":{"line":267,"column":42}},"117":{"start":{"line":269,"column":8},"end":{"line":272,"column":18}},"118":{"start":{"line":275,"column":6},"end":{"line":275,"column":56}}},"fnMap":{"0":{"name":"(anonymous_0)","decl":{"start":{"line":9,"column":24},"end":{"line":9,"column":25}},"loc":{"start":{"line":9,"column":55},"end":{"line":10,"column":84}},"line":9},"1":{"name":"(anonymous_1)","decl":{"start":{"line":9,"column":55},"end":{"line":9,"column":56}},"loc":{"start":{"line":10,"column":2},"end":{"line":10,"column":84}},"line":10},"2":{"name":"(anonymous_2)","decl":{"start":{"line":12,"column":24},"end":{"line":12,"column":25}},"loc":{"start":{"line":12,"column":55},"end":{"line":13,"column":91}},"line":12},"3":{"name":"(anonymous_3)","decl":{"start":{"line":12,"column":55},"end":{"line":12,"column":56}},"loc":{"start":{"line":13,"column":2},"end":{"line":13,"column":91}},"line":13},"4":{"name":"(anonymous_4)","decl":{"start":{"line":15,"column":29},"end":{"line":15,"column":30}},"loc":{"start":{"line":15,"column":60},"end":{"line":15,"column":64}},"line":15},"5":{"name":"(anonymous_5)","decl":{"start":{"line":34,"column":2},"end":{"line":34,"column":3}},"loc":{"start":{"line":34,"column":20},"end":{"line":36,"column":3}},"line":34},"6":{"name":"(anonymous_6)","decl":{"start":{"line":38,"column":2},"end":{"line":38,"column":3}},"loc":{"start":{"line":38,"column":21},"end":{"line":40,"column":3}},"line":38},"7":{"name":"(anonymous_7)","decl":{"start":{"line":45,"column":2},"end":{"line":45,"column":3}},"loc":{"start":{"line":45,"column":20},"end":{"line":47,"column":3}},"line":45},"8":{"name":"(anonymous_8)","decl":{"start":{"line":56,"column":2},"end":{"line":56,"column":3}},"loc":{"start":{"line":56,"column":52},"end":{"line":67,"column":3}},"line":56},"9":{"name":"(anonymous_9)","decl":{"start":{"line":76,"column":2},"end":{"line":76,"column":3}},"loc":{"start":{"line":76,"column":59},"end":{"line":90,"column":3}},"line":76},"10":{"name":"(anonymous_10)","decl":{"start":{"line":113,"column":13},"end":{"line":113,"column":14}},"loc":{"start":{"line":113,"column":35},"end":{"line":114,"column":92}},"line":113},"11":{"name":"(anonymous_11)","decl":{"start":{"line":113,"column":35},"end":{"line":113,"column":36}},"loc":{"start":{"line":114,"column":4},"end":{"line":114,"column":92}},"line":114},"12":{"name":"(anonymous_12)","decl":{"start":{"line":114,"column":31},"end":{"line":114,"column":32}},"loc":{"start":{"line":114,"column":37},"end":{"line":114,"column":91}},"line":114},"13":{"name":"(anonymous_13)","decl":{"start":{"line":122,"column":13},"end":{"line":122,"column":14}},"loc":{"start":{"line":122,"column":35},"end":{"line":123,"column":99}},"line":122},"14":{"name":"(anonymous_14)","decl":{"start":{"line":122,"column":35},"end":{"line":122,"column":36}},"loc":{"start":{"line":123,"column":4},"end":{"line":123,"column":99}},"line":123},"15":{"name":"(anonymous_15)","decl":{"start":{"line":123,"column":31},"end":{"line":123,"column":32}},"loc":{"start":{"line":123,"column":37},"end":{"line":123,"column":98}},"line":123},"16":{"name":"(anonymous_16)","decl":{"start":{"line":136,"column":53},"end":{"line":136,"column":54}},"loc":{"start":{"line":136,"column":71},"end":{"line":136,"column":121}},"line":136},"17":{"name":"(anonymous_17)","decl":{"start":{"line":152,"column":89},"end":{"line":152,"column":90}},"loc":{"start":{"line":152,"column":94},"end":{"line":152,"column":100}},"line":152},"18":{"name":"(anonymous_18)","decl":{"start":{"line":172,"column":2},"end":{"line":172,"column":3}},"loc":{"start":{"line":172,"column":49},"end":{"line":175,"column":3}},"line":172},"19":{"name":"(anonymous_19)","decl":{"start":{"line":174,"column":38},"end":{"line":174,"column":39}},"loc":{"start":{"line":174,"column":44},"end":{"line":174,"column":98}},"line":174},"20":{"name":"(anonymous_20)","decl":{"start":{"line":184,"column":2},"end":{"line":184,"column":3}},"loc":{"start":{"line":184,"column":56},"end":{"line":187,"column":3}},"line":184},"21":{"name":"(anonymous_21)","decl":{"start":{"line":186,"column":38},"end":{"line":186,"column":39}},"loc":{"start":{"line":186,"column":44},"end":{"line":186,"column":105}},"line":186},"22":{"name":"(anonymous_22)","decl":{"start":{"line":196,"column":2},"end":{"line":196,"column":3}},"loc":{"start":{"line":196,"column":30},"end":{"line":237,"column":3}},"line":196},"23":{"name":"(anonymous_23)","decl":{"start":{"line":246,"column":2},"end":{"line":246,"column":3}},"loc":{"start":{"line":246,"column":37},"end":{"line":277,"column":2}},"line":246}},"branchMap":{"0":{"loc":{"start":{"line":58,"column":4},"end":{"line":58,"column":51}},"type":"if","locations":[{"start":{"line":58,"column":4},"end":{"line":58,"column":51}},{"start":{},"end":{}}],"line":58},"1":{"loc":{"start":{"line":59,"column":4},"end":{"line":66,"column":5}},"type":"if","locations":[{"start":{"line":59,"column":4},"end":{"line":66,"column":5}},{"start":{},"end":{}}],"line":59},"2":{"loc":{"start":{"line":62,"column":6},"end":{"line":65,"column":7}},"type":"if","locations":[{"start":{"line":62,"column":6},"end":{"line":65,"column":7}},{"start":{},"end":{}}],"line":62},"3":{"loc":{"start":{"line":63,"column":25},"end":{"line":63,"column":124}},"type":"cond-expr","locations":[{"start":{"line":63,"column":64},"end":{"line":63,"column":100}},{"start":{"line":63,"column":103},"end":{"line":63,"column":124}}],"line":63},"4":{"loc":{"start":{"line":78,"column":4},"end":{"line":88,"column":5}},"type":"if","locations":[{"start":{"line":78,"column":4},"end":{"line":88,"column":5}},{"start":{"line":80,"column":11},"end":{"line":88,"column":5}}],"line":78},"5":{"loc":{"start":{"line":78,"column":8},"end":{"line":78,"column":66}},"type":"binary-expr","locations":[{"start":{"line":78,"column":8},"end":{"line":78,"column":42}},{"start":{"line":78,"column":46},"end":{"line":78,"column":66}}],"line":78},"6":{"loc":{"start":{"line":83,"column":6},"end":{"line":87,"column":7}},"type":"if","locations":[{"start":{"line":83,"column":6},"end":{"line":87,"column":7}},{"start":{},"end":{}}],"line":83},"7":{"loc":{"start":{"line":84,"column":25},"end":{"line":84,"column":124}},"type":"cond-expr","locations":[{"start":{"line":84,"column":64},"end":{"line":84,"column":100}},{"start":{"line":84,"column":103},"end":{"line":84,"column":124}}],"line":84},"8":{"loc":{"start":{"line":134,"column":4},"end":{"line":134,"column":126}},"type":"if","locations":[{"start":{"line":134,"column":4},"end":{"line":134,"column":126}},{"start":{},"end":{}}],"line":134},"9":{"loc":{"start":{"line":149,"column":4},"end":{"line":149,"column":126}},"type":"if","locations":[{"start":{"line":149,"column":4},"end":{"line":149,"column":126}},{"start":{},"end":{}}],"line":149},"10":{"loc":{"start":{"line":152,"column":22},"end":{"line":152,"column":101}},"type":"cond-expr","locations":[{"start":{"line":152,"column":46},"end":{"line":152,"column":52}},{"start":{"line":152,"column":55},"end":{"line":152,"column":101}}],"line":152},"11":{"loc":{"start":{"line":153,"column":4},"end":{"line":161,"column":5}},"type":"if","locations":[{"start":{"line":153,"column":4},"end":{"line":161,"column":5}},{"start":{"line":156,"column":11},"end":{"line":161,"column":5}}],"line":153},"12":{"loc":{"start":{"line":157,"column":6},"end":{"line":157,"column":110}},"type":"if","locations":[{"start":{"line":157,"column":6},"end":{"line":157,"column":110}},{"start":{},"end":{}}],"line":157},"13":{"loc":{"start":{"line":198,"column":4},"end":{"line":200,"column":5}},"type":"if","locations":[{"start":{"line":198,"column":4},"end":{"line":200,"column":5}},{"start":{},"end":{}}],"line":198},"14":{"loc":{"start":{"line":198,"column":8},"end":{"line":198,"column":75}},"type":"binary-expr","locations":[{"start":{"line":198,"column":8},"end":{"line":198,"column":20}},{"start":{"line":198,"column":25},"end":{"line":198,"column":48}},{"start":{"line":198,"column":52},"end":{"line":198,"column":74}}],"line":198},"15":{"loc":{"start":{"line":202,"column":4},"end":{"line":204,"column":5}},"type":"if","locations":[{"start":{"line":202,"column":4},"end":{"line":204,"column":5}},{"start":{},"end":{}}],"line":202},"16":{"loc":{"start":{"line":208,"column":4},"end":{"line":236,"column":5}},"type":"if","locations":[{"start":{"line":208,"column":4},"end":{"line":236,"column":5}},{"start":{"line":234,"column":11},"end":{"line":236,"column":5}}],"line":208},"17":{"loc":{"start":{"line":209,"column":6},"end":{"line":220,"column":7}},"type":"if","locations":[{"start":{"line":209,"column":6},"end":{"line":220,"column":7}},{"start":{"line":214,"column":13},"end":{"line":220,"column":7}}],"line":209},"18":{"loc":{"start":{"line":209,"column":10},"end":{"line":209,"column":67}},"type":"binary-expr","locations":[{"start":{"line":209,"column":10},"end":{"line":209,"column":25}},{"start":{"line":209,"column":31},"end":{"line":209,"column":66}}],"line":209},"19":{"loc":{"start":{"line":212,"column":15},"end":{"line":212,"column":63}},"type":"binary-expr","locations":[{"start":{"line":212,"column":15},"end":{"line":212,"column":50}},{"start":{"line":212,"column":54},"end":{"line":212,"column":63}}],"line":212},"20":{"loc":{"start":{"line":214,"column":13},"end":{"line":220,"column":7}},"type":"if","locations":[{"start":{"line":214,"column":13},"end":{"line":220,"column":7}},{"start":{},"end":{}}],"line":214},"21":{"loc":{"start":{"line":217,"column":8},"end":{"line":217,"column":104}},"type":"if","locations":[{"start":{"line":217,"column":8},"end":{"line":217,"column":104}},{"start":{},"end":{}}],"line":217},"22":{"loc":{"start":{"line":217,"column":14},"end":{"line":217,"column":38}},"type":"binary-expr","locations":[{"start":{"line":217,"column":14},"end":{"line":217,"column":33}},{"start":{"line":217,"column":37},"end":{"line":217,"column":38}}],"line":217},"23":{"loc":{"start":{"line":218,"column":28},"end":{"line":218,"column":75}},"type":"binary-expr","locations":[{"start":{"line":218,"column":28},"end":{"line":218,"column":69}},{"start":{"line":218,"column":73},"end":{"line":218,"column":75}}],"line":218},"24":{"loc":{"start":{"line":221,"column":6},"end":{"line":223,"column":7}},"type":"if","locations":[{"start":{"line":221,"column":6},"end":{"line":223,"column":7}},{"start":{},"end":{}}],"line":221},"25":{"loc":{"start":{"line":225,"column":6},"end":{"line":233,"column":7}},"type":"if","locations":[{"start":{"line":225,"column":6},"end":{"line":233,"column":7}},{"start":{"line":228,"column":13},"end":{"line":233,"column":7}}],"line":225},"26":{"loc":{"start":{"line":231,"column":44},"end":{"line":231,"column":95}},"type":"binary-expr","locations":[{"start":{"line":231,"column":44},"end":{"line":231,"column":89}},{"start":{"line":231,"column":93},"end":{"line":231,"column":95}}],"line":231},"27":{"loc":{"start":{"line":248,"column":4},"end":{"line":276,"column":5}},"type":"if","locations":[{"start":{"line":248,"column":4},"end":{"line":276,"column":5}},{"start":{"line":274,"column":11},"end":{"line":276,"column":5}}],"line":248},"28":{"loc":{"start":{"line":249,"column":6},"end":{"line":251,"column":7}},"type":"if","locations":[{"start":{"line":249,"column":6},"end":{"line":251,"column":7}},{"start":{},"end":{}}],"line":249},"29":{"loc":{"start":{"line":249,"column":10},"end":{"line":249,"column":59}},"type":"binary-expr","locations":[{"start":{"line":249,"column":10},"end":{"line":249,"column":33}},{"start":{"line":249,"column":37},"end":{"line":249,"column":59}}],"line":249},"30":{"loc":{"start":{"line":254,"column":6},"end":{"line":260,"column":7}},"type":"if","locations":[{"start":{"line":254,"column":6},"end":{"line":260,"column":7}},{"start":{},"end":{}}],"line":254},"31":{"loc":{"start":{"line":257,"column":8},"end":{"line":257,"column":109}},"type":"if","locations":[{"start":{"line":257,"column":8},"end":{"line":257,"column":109}},{"start":{},"end":{}}],"line":257},"32":{"loc":{"start":{"line":257,"column":14},"end":{"line":257,"column":43}},"type":"binary-expr","locations":[{"start":{"line":257,"column":14},"end":{"line":257,"column":38}},{"start":{"line":257,"column":42},"end":{"line":257,"column":43}}],"line":257},"33":{"loc":{"start":{"line":258,"column":28},"end":{"line":258,"column":80}},"type":"binary-expr","locations":[{"start":{"line":258,"column":28},"end":{"line":258,"column":74}},{"start":{"line":258,"column":78},"end":{"line":258,"column":80}}],"line":258},"34":{"loc":{"start":{"line":261,"column":6},"end":{"line":263,"column":7}},"type":"if","locations":[{"start":{"line":261,"column":6},"end":{"line":263,"column":7}},{"start":{},"end":{}}],"line":261},"35":{"loc":{"start":{"line":265,"column":6},"end":{"line":273,"column":7}},"type":"if","locations":[{"start":{"line":265,"column":6},"end":{"line":273,"column":7}},{"start":{"line":268,"column":15},"end":{"line":273,"column":7}}],"line":265},"36":{"loc":{"start":{"line":271,"column":44},"end":{"line":271,"column":95}},"type":"binary-expr","locations":[{"start":{"line":271,"column":44},"end":{"line":271,"column":89}},{"start":{"line":271,"column":93},"end":{"line":271,"column":95}}],"line":271}},"s":{"0":1,"1":6,"2":8,"3":1,"4":4,"5":5,"6":1,"7":1,"8":1,"9":10,"10":10,"11":443,"12":35,"13":1,"14":491,"15":491,"16":218,"17":273,"18":268,"19":268,"20":268,"21":263,"22":263,"23":63,"24":63,"25":11,"26":52,"27":52,"28":52,"29":50,"30":50,"31":50,"32":63,"33":233,"34":233,"35":233,"36":233,"37":10,"38":146,"39":162,"40":162,"41":10,"42":68,"43":58,"44":58,"45":15,"46":15,"47":1,"48":14,"49":14,"50":43,"51":13,"52":13,"53":13,"54":1,"55":12,"56":12,"57":12,"58":9,"59":12,"60":5,"61":7,"62":3,"63":4,"64":12,"65":9,"66":8,"67":8,"68":8,"69":5,"70":5,"71":5,"72":133,"73":133,"74":4,"75":129,"76":129,"77":11,"78":118,"79":118,"80":118,"81":116,"82":7,"83":109,"84":16,"85":16,"86":16,"87":1,"88":15,"89":15,"90":93,"91":35,"92":58,"93":58,"94":33,"95":33,"96":25,"97":2,"98":58,"99":58,"100":57,"101":2,"102":55,"103":55,"104":55,"105":14,"106":14,"107":14,"108":1,"109":13,"110":13,"111":41,"112":25,"113":16,"114":16,"115":5,"116":5,"117":11,"118":1},"f":{"0":6,"1":8,"2":4,"3":5,"4":1,"5":443,"6":35,"7":1,"8":491,"9":63,"10":146,"11":162,"12":162,"13":68,"14":58,"15":58,"16":43,"17":9,"18":8,"19":8,"20":5,"21":5,"22":133,"23":58},"b":{"0":[218,273],"1":[268,5],"2":[263,5],"3":[213,50],"4":[11,52],"5":[63,53],"6":[50,2],"7":[24,26],"8":[1,14],"9":[1,12],"10":[9,3],"11":[5,7],"12":[3,4],"13":[4,129],"14":[133,120,118],"15":[11,118],"16":[116,2],"17":[7,109],"18":[116,7],"19":[7,2],"20":[16,93],"21":[1,15],"22":[16,7],"23":[15,7],"24":[35,58],"25":[33,25],"26":[25,2],"27":[57,1],"28":[2,55],"29":[57,56],"30":[14,41],"31":[1,13],"32":[14,7],"33":[13,7],"34":[25,16],"35":[5,11],"36":[11,1]},"inputSourceMap":null,"_coverageSchema":"1a1c01bbd47fc00a2c39e90264f33305004495a9","hash":"d4ec05d530f73fb9f983d2a802e3ccaa4f011eb8"}
,"C:\\Users\\m.kikuzawa\\Documents\\git\\dot-notation.js\\src\\PropertyName.js": {"path":"C:\\Users\\m.kikuzawa\\Documents\\git\\dot-notation.js\\src\\PropertyName.js","statementMap":{"0":{"start":{"line":7,"column":4},"end":{"line":7,"column":22}},"1":{"start":{"line":14,"column":4},"end":{"line":14,"column":27}},"2":{"start":{"line":21,"column":4},"end":{"line":21,"column":33}},"3":{"start":{"line":28,"column":4},"end":{"line":28,"column":28}},"4":{"start":{"line":35,"column":4},"end":{"line":35,"column":29}},"5":{"start":{"line":42,"column":4},"end":{"line":42,"column":34}},"6":{"start":{"line":49,"column":4},"end":{"line":49,"column":30}},"7":{"start":{"line":56,"column":4},"end":{"line":56,"column":24}},"8":{"start":{"line":63,"column":4},"end":{"line":63,"column":23}},"9":{"start":{"line":70,"column":4},"end":{"line":70,"column":29}},"10":{"start":{"line":77,"column":4},"end":{"line":77,"column":37}},"11":{"start":{"line":84,"column":4},"end":{"line":84,"column":43}},"12":{"start":{"line":92,"column":4},"end":{"line":92,"column":22}},"13":{"start":{"line":93,"column":4},"end":{"line":93,"column":44}},"14":{"start":{"line":94,"column":4},"end":{"line":94,"column":57}},"15":{"start":{"line":95,"column":4},"end":{"line":98,"column":41}},"16":{"start":{"line":96,"column":6},"end":{"line":96,"column":63}},"17":{"start":{"line":97,"column":6},"end":{"line":97,"column":19}},"18":{"start":{"line":98,"column":24},"end":{"line":98,"column":39}},"19":{"start":{"line":99,"column":4},"end":{"line":99,"column":56}},"20":{"start":{"line":100,"column":4},"end":{"line":100,"column":61}},"21":{"start":{"line":101,"column":4},"end":{"line":101,"column":48}},"22":{"start":{"line":102,"column":4},"end":{"line":102,"column":106}},"23":{"start":{"line":103,"column":4},"end":{"line":103,"column":107}},"24":{"start":{"line":103,"column":62},"end":{"line":103,"column":102}},"25":{"start":{"line":104,"column":4},"end":{"line":104,"column":55}},"26":{"start":{"line":105,"column":4},"end":{"line":105,"column":42}},"27":{"start":{"line":106,"column":4},"end":{"line":106,"column":48}},"28":{"start":{"line":107,"column":4},"end":{"line":115,"column":5}},"29":{"start":{"line":108,"column":6},"end":{"line":114,"column":7}},"30":{"start":{"line":108,"column":18},"end":{"line":108,"column":44}},"31":{"start":{"line":109,"column":8},"end":{"line":113,"column":9}},"32":{"start":{"line":110,"column":10},"end":{"line":110,"column":80}},"33":{"start":{"line":111,"column":10},"end":{"line":111,"column":82}},"34":{"start":{"line":112,"column":10},"end":{"line":112,"column":16}},"35":{"start":{"line":124,"column":25},"end":{"line":124,"column":59}},"36":{"start":{"line":125,"column":4},"end":{"line":125,"column":65}},"37":{"start":{"line":125,"column":45},"end":{"line":125,"column":65}},"38":{"start":{"line":126,"column":28},"end":{"line":126,"column":50}},"39":{"start":{"line":127,"column":4},"end":{"line":127,"column":56}},"40":{"start":{"line":128,"column":4},"end":{"line":128,"column":27}},"41":{"start":{"line":133,"column":31},"end":{"line":133,"column":38}},"42":{"start":{"line":135,"column":4},"end":{"line":135,"column":36}},"43":{"start":{"line":144,"column":20},"end":{"line":144,"column":22}},"44":{"start":{"line":145,"column":32},"end":{"line":145,"column":34}},"45":{"start":{"line":146,"column":4},"end":{"line":154,"column":5}},"46":{"start":{"line":147,"column":20},"end":{"line":147,"column":39}},"47":{"start":{"line":148,"column":6},"end":{"line":153,"column":7}},"48":{"start":{"line":149,"column":8},"end":{"line":149,"column":46}},"49":{"start":{"line":151,"column":8},"end":{"line":151,"column":28}},"50":{"start":{"line":152,"column":8},"end":{"line":152,"column":38}},"51":{"start":{"line":155,"column":4},"end":{"line":158,"column":6}}},"fnMap":{"0":{"name":"(anonymous_0)","decl":{"start":{"line":6,"column":2},"end":{"line":6,"column":3}},"loc":{"start":{"line":6,"column":13},"end":{"line":8,"column":3}},"line":6},"1":{"name":"(anonymous_1)","decl":{"start":{"line":13,"column":2},"end":{"line":13,"column":3}},"loc":{"start":{"line":13,"column":18},"end":{"line":15,"column":3}},"line":13},"2":{"name":"(anonymous_2)","decl":{"start":{"line":20,"column":2},"end":{"line":20,"column":3}},"loc":{"start":{"line":20,"column":24},"end":{"line":22,"column":3}},"line":20},"3":{"name":"(anonymous_3)","decl":{"start":{"line":27,"column":2},"end":{"line":27,"column":3}},"loc":{"start":{"line":27,"column":19},"end":{"line":29,"column":3}},"line":27},"4":{"name":"(anonymous_4)","decl":{"start":{"line":34,"column":2},"end":{"line":34,"column":3}},"loc":{"start":{"line":34,"column":20},"end":{"line":36,"column":3}},"line":34},"5":{"name":"(anonymous_5)","decl":{"start":{"line":41,"column":2},"end":{"line":41,"column":3}},"loc":{"start":{"line":41,"column":25},"end":{"line":43,"column":3}},"line":41},"6":{"name":"(anonymous_6)","decl":{"start":{"line":48,"column":2},"end":{"line":48,"column":3}},"loc":{"start":{"line":48,"column":21},"end":{"line":50,"column":3}},"line":48},"7":{"name":"(anonymous_7)","decl":{"start":{"line":55,"column":2},"end":{"line":55,"column":3}},"loc":{"start":{"line":55,"column":15},"end":{"line":57,"column":3}},"line":55},"8":{"name":"(anonymous_8)","decl":{"start":{"line":62,"column":2},"end":{"line":62,"column":3}},"loc":{"start":{"line":62,"column":14},"end":{"line":64,"column":3}},"line":62},"9":{"name":"(anonymous_9)","decl":{"start":{"line":69,"column":2},"end":{"line":69,"column":3}},"loc":{"start":{"line":69,"column":20},"end":{"line":71,"column":3}},"line":69},"10":{"name":"(anonymous_10)","decl":{"start":{"line":76,"column":2},"end":{"line":76,"column":3}},"loc":{"start":{"line":76,"column":28},"end":{"line":78,"column":3}},"line":76},"11":{"name":"(anonymous_11)","decl":{"start":{"line":83,"column":2},"end":{"line":83,"column":3}},"loc":{"start":{"line":83,"column":34},"end":{"line":85,"column":3}},"line":83},"12":{"name":"(anonymous_12)","decl":{"start":{"line":91,"column":2},"end":{"line":91,"column":3}},"loc":{"start":{"line":91,"column":20},"end":{"line":116,"column":3}},"line":91},"13":{"name":"(anonymous_13)","decl":{"start":{"line":95,"column":53},"end":{"line":95,"column":54}},"loc":{"start":{"line":95,"column":74},"end":{"line":98,"column":5}},"line":95},"14":{"name":"(anonymous_14)","decl":{"start":{"line":98,"column":15},"end":{"line":98,"column":16}},"loc":{"start":{"line":98,"column":24},"end":{"line":98,"column":39}},"line":98},"15":{"name":"(anonymous_15)","decl":{"start":{"line":103,"column":41},"end":{"line":103,"column":42}},"loc":{"start":{"line":103,"column":62},"end":{"line":103,"column":102}},"line":103},"16":{"name":"(anonymous_16)","decl":{"start":{"line":123,"column":2},"end":{"line":123,"column":3}},"loc":{"start":{"line":123,"column":22},"end":{"line":129,"column":3}},"line":123},"17":{"name":"(anonymous_17)","decl":{"start":{"line":134,"column":2},"end":{"line":134,"column":3}},"loc":{"start":{"line":134,"column":34},"end":{"line":136,"column":3}},"line":134},"18":{"name":"(anonymous_18)","decl":{"start":{"line":143,"column":2},"end":{"line":143,"column":3}},"loc":{"start":{"line":143,"column":21},"end":{"line":159,"column":3}},"line":143}},"branchMap":{"0":{"loc":{"start":{"line":96,"column":17},"end":{"line":96,"column":61}},"type":"binary-expr","locations":[{"start":{"line":96,"column":17},"end":{"line":96,"column":47}},{"start":{"line":96,"column":51},"end":{"line":96,"column":61}}],"line":96},"1":{"loc":{"start":{"line":103,"column":72},"end":{"line":103,"column":101}},"type":"cond-expr","locations":[{"start":{"line":103,"column":96},"end":{"line":103,"column":97}},{"start":{"line":103,"column":100},"end":{"line":103,"column":101}}],"line":103},"2":{"loc":{"start":{"line":107,"column":4},"end":{"line":115,"column":5}},"type":"if","locations":[{"start":{"line":107,"column":4},"end":{"line":115,"column":5}},{"start":{},"end":{}}],"line":107},"3":{"loc":{"start":{"line":109,"column":8},"end":{"line":113,"column":9}},"type":"if","locations":[{"start":{"line":109,"column":8},"end":{"line":113,"column":9}},{"start":{},"end":{}}],"line":109},"4":{"loc":{"start":{"line":125,"column":4},"end":{"line":125,"column":65}},"type":"if","locations":[{"start":{"line":125,"column":4},"end":{"line":125,"column":65}},{"start":{},"end":{}}],"line":125},"5":{"loc":{"start":{"line":148,"column":6},"end":{"line":153,"column":7}},"type":"if","locations":[{"start":{"line":148,"column":6},"end":{"line":153,"column":7}},{"start":{"line":150,"column":13},"end":{"line":153,"column":7}}],"line":148}},"s":{"0":589,"1":7,"2":7,"3":600,"4":7,"5":7,"6":396,"7":14,"8":362,"9":60,"10":43,"11":29,"12":38,"13":38,"14":38,"15":38,"16":53,"17":53,"18":53,"19":38,"20":38,"21":38,"22":38,"23":38,"24":91,"25":38,"26":38,"27":38,"28":38,"29":22,"30":22,"31":31,"32":22,"33":22,"34":22,"35":486,"36":486,"37":455,"38":31,"39":31,"40":31,"41":2,"42":2,"43":84,"44":84,"45":84,"46":233,"47":233,"48":171,"49":62,"50":62,"51":84},"f":{"0":589,"1":7,"2":7,"3":600,"4":7,"5":7,"6":396,"7":14,"8":362,"9":60,"10":43,"11":29,"12":38,"13":53,"14":53,"15":91,"16":486,"17":2,"18":84},"b":{"0":[53,28],"1":[32,59],"2":[22,16],"3":[22,9],"4":[455,31],"5":[171,62]},"inputSourceMap":null,"_coverageSchema":"1a1c01bbd47fc00a2c39e90264f33305004495a9","hash":"76a497cf4056823ab2b333465167e67fbfbc5367"}
}
