TN:
SF:src\Const.js
FNF:0
FNH:0
DA:2,2
DA:3,2
DA:4,2
DA:5,2
DA:6,2
DA:7,2
DA:12,2
DA:18,2
LF:8
LH:8
BRF:0
BRH:0
end_of_record
TN:
SF:src\Handler.js
FN:9,(anonymous_0)
FN:9,(anonymous_1)
FN:12,(anonymous_2)
FN:12,(anonymous_3)
FN:15,(anonymous_4)
FN:34,(anonymous_5)
FN:38,(anonymous_6)
FN:45,(anonymous_7)
FN:56,(anonymous_8)
FN:73,(anonymous_9)
FN:106,(anonymous_10)
FN:106,(anonymous_11)
FN:107,(anonymous_12)
FN:115,(anonymous_13)
FN:115,(anonymous_14)
FN:116,(anonymous_15)
FN:129,(anonymous_16)
FN:145,(anonymous_17)
FN:165,(anonymous_18)
FN:167,(anonymous_19)
FN:177,(anonymous_20)
FN:179,(anonymous_21)
FN:189,(anonymous_22)
FN:242,(anonymous_23)
FNF:24
FNH:24
FNDA:6,(anonymous_0)
FNDA:8,(anonymous_1)
FNDA:4,(anonymous_2)
FNDA:5,(anonymous_3)
FNDA:1,(anonymous_4)
FNDA:443,(anonymous_5)
FNDA:35,(anonymous_6)
FNDA:1,(anonymous_7)
FNDA:491,(anonymous_8)
FNDA:63,(anonymous_9)
FNDA:146,(anonymous_10)
FNDA:162,(anonymous_11)
FNDA:162,(anonymous_12)
FNDA:68,(anonymous_13)
FNDA:58,(anonymous_14)
FNDA:58,(anonymous_15)
FNDA:43,(anonymous_16)
FNDA:9,(anonymous_17)
FNDA:8,(anonymous_18)
FNDA:8,(anonymous_19)
FNDA:5,(anonymous_20)
FNDA:5,(anonymous_21)
FNDA:133,(anonymous_22)
FNDA:58,(anonymous_23)
DA:9,6
DA:10,8
DA:12,4
DA:13,5
DA:15,1
DA:18,1
DA:28,10
DA:32,10
DA:35,443
DA:39,35
DA:46,1
DA:57,491
DA:58,491
DA:59,273
DA:60,268
DA:61,268
DA:62,263
DA:63,263
DA:74,63
DA:75,11
DA:77,52
DA:78,52
DA:79,50
DA:80,50
DA:81,50
DA:92,233
DA:93,233
DA:94,233
DA:96,233
DA:106,146
DA:107,162
DA:115,68
DA:116,58
DA:126,15
DA:127,15
DA:128,14
DA:129,43
DA:140,13
DA:141,13
DA:142,13
DA:143,12
DA:144,12
DA:145,12
DA:146,12
DA:148,5
DA:150,7
DA:151,4
DA:152,12
DA:155,9
DA:166,8
DA:167,8
DA:178,5
DA:179,5
DA:190,133
DA:191,133
DA:192,4
DA:194,129
DA:195,129
DA:196,11
DA:198,118
DA:199,118
DA:201,118
DA:202,116
DA:205,7
DA:207,109
DA:208,16
DA:209,16
DA:210,16
DA:211,15
DA:212,15
DA:214,93
DA:215,93
DA:216,35
DA:218,58
DA:219,58
DA:220,33
DA:221,33
DA:223,25
DA:231,2
DA:243,58
DA:244,58
DA:245,57
DA:246,2
DA:248,55
DA:249,55
DA:250,55
DA:251,14
DA:252,14
DA:253,14
DA:254,13
DA:255,13
DA:257,41
DA:258,25
DA:260,16
DA:261,16
DA:262,5
DA:263,5
DA:265,11
DA:271,1
LF:99
LH:99
BRDA:58,0,0,218
BRDA:58,0,1,273
BRDA:59,1,0,5
BRDA:59,1,1,268
BRDA:61,2,0,5
BRDA:61,2,1,263
BRDA:62,3,0,213
BRDA:62,3,1,50
BRDA:74,4,0,11
BRDA:74,4,1,52
BRDA:74,5,0,63
BRDA:74,5,1,53
BRDA:78,6,0,2
BRDA:78,6,1,50
BRDA:79,7,0,24
BRDA:79,7,1,26
BRDA:127,8,0,1
BRDA:127,8,1,14
BRDA:142,9,0,1
BRDA:142,9,1,12
BRDA:145,10,0,9
BRDA:145,10,1,3
BRDA:146,11,0,5
BRDA:146,11,1,7
BRDA:150,12,0,3
BRDA:150,12,1,4
BRDA:191,13,0,4
BRDA:191,13,1,129
BRDA:191,14,0,133
BRDA:191,14,1,120
BRDA:191,14,2,118
BRDA:195,15,0,11
BRDA:195,15,1,118
BRDA:201,16,0,116
BRDA:201,16,1,2
BRDA:202,17,0,7
BRDA:202,17,1,109
BRDA:202,18,0,116
BRDA:202,18,1,7
BRDA:205,19,0,7
BRDA:205,19,1,2
BRDA:207,20,0,16
BRDA:207,20,1,93
BRDA:210,21,0,1
BRDA:210,21,1,15
BRDA:210,22,0,16
BRDA:210,22,1,7
BRDA:211,23,0,15
BRDA:211,23,1,7
BRDA:215,24,0,35
BRDA:215,24,1,58
BRDA:219,25,0,33
BRDA:219,25,1,25
BRDA:225,26,0,25
BRDA:225,26,1,2
BRDA:244,27,0,57
BRDA:244,27,1,1
BRDA:245,28,0,2
BRDA:245,28,1,55
BRDA:245,29,0,57
BRDA:245,29,1,56
BRDA:250,30,0,14
BRDA:250,30,1,41
BRDA:253,31,0,1
BRDA:253,31,1,13
BRDA:253,32,0,14
BRDA:253,32,1,7
BRDA:254,33,0,13
BRDA:254,33,1,7
BRDA:257,34,0,25
BRDA:257,34,1,16
BRDA:261,35,0,5
BRDA:261,35,1,11
BRDA:267,36,0,11
BRDA:267,36,1,1
BRF:75
BRH:75
end_of_record
TN:
SF:src\PropertyName.js
FN:6,(anonymous_0)
FN:13,(anonymous_1)
FN:20,(anonymous_2)
FN:27,(anonymous_3)
FN:34,(anonymous_4)
FN:41,(anonymous_5)
FN:48,(anonymous_6)
FN:55,(anonymous_7)
FN:62,(anonymous_8)
FN:69,(anonymous_9)
FN:76,(anonymous_10)
FN:83,(anonymous_11)
FN:91,(anonymous_12)
FN:95,(anonymous_13)
FN:98,(anonymous_14)
FN:103,(anonymous_15)
FN:123,(anonymous_16)
FN:134,(anonymous_17)
FN:143,(anonymous_18)
FNF:19
FNH:19
FNDA:589,(anonymous_0)
FNDA:7,(anonymous_1)
FNDA:7,(anonymous_2)
FNDA:600,(anonymous_3)
FNDA:7,(anonymous_4)
FNDA:7,(anonymous_5)
FNDA:396,(anonymous_6)
FNDA:14,(anonymous_7)
FNDA:362,(anonymous_8)
FNDA:60,(anonymous_9)
FNDA:43,(anonymous_10)
FNDA:29,(anonymous_11)
FNDA:38,(anonymous_12)
FNDA:53,(anonymous_13)
FNDA:53,(anonymous_14)
FNDA:91,(anonymous_15)
FNDA:486,(anonymous_16)
FNDA:2,(anonymous_17)
FNDA:84,(anonymous_18)
DA:7,589
DA:14,7
DA:21,7
DA:28,600
DA:35,7
DA:42,7
DA:49,396
DA:56,14
DA:63,362
DA:70,60
DA:77,43
DA:84,29
DA:92,38
DA:93,38
DA:94,38
DA:95,38
DA:96,53
DA:97,53
DA:98,53
DA:99,38
DA:100,38
DA:101,38
DA:102,38
DA:103,91
DA:104,38
DA:105,38
DA:106,38
DA:107,38
DA:108,22
DA:109,31
DA:110,22
DA:111,22
DA:112,22
DA:124,486
DA:125,486
DA:126,31
DA:127,31
DA:128,31
DA:133,2
DA:135,2
DA:144,84
DA:145,84
DA:146,84
DA:147,233
DA:148,233
DA:149,171
DA:151,62
DA:152,62
DA:155,84
LF:49
LH:49
BRDA:96,0,0,53
BRDA:96,0,1,28
BRDA:103,1,0,32
BRDA:103,1,1,59
BRDA:107,2,0,22
BRDA:107,2,1,16
BRDA:109,3,0,22
BRDA:109,3,1,9
BRDA:125,4,0,455
BRDA:125,4,1,31
BRDA:148,5,0,171
BRDA:148,5,1,62
BRF:12
BRH:12
end_of_record
