TN:
SF:src\Const.js
FNF:0
FNH:0
DA:2,2
DA:3,2
DA:4,2
DA:5,2
DA:6,2
DA:7,2
DA:12,2
DA:18,2
LF:8
LH:8
BRF:0
BRH:0
end_of_record
TN:
SF:src\Handler.js
FN:9,(anonymous_0)
FN:9,(anonymous_1)
FN:12,(anonymous_2)
FN:12,(anonymous_3)
FN:15,(anonymous_4)
FN:34,(anonymous_5)
FN:38,(anonymous_6)
FN:45,(anonymous_7)
FN:56,(anonymous_8)
FN:76,(anonymous_9)
FN:113,(anonymous_10)
FN:113,(anonymous_11)
FN:114,(anonymous_12)
FN:122,(anonymous_13)
FN:122,(anonymous_14)
FN:123,(anonymous_15)
FN:136,(anonymous_16)
FN:152,(anonymous_17)
FN:172,(anonymous_18)
FN:174,(anonymous_19)
FN:184,(anonymous_20)
FN:186,(anonymous_21)
FN:196,(anonymous_22)
FN:249,(anonymous_23)
FNF:24
FNH:24
FNDA:6,(anonymous_0)
FNDA:8,(anonymous_1)
FNDA:4,(anonymous_2)
FNDA:5,(anonymous_3)
FNDA:1,(anonymous_4)
FNDA:443,(anonymous_5)
FNDA:35,(anonymous_6)
FNDA:1,(anonymous_7)
FNDA:491,(anonymous_8)
FNDA:63,(anonymous_9)
FNDA:146,(anonymous_10)
FNDA:162,(anonymous_11)
FNDA:162,(anonymous_12)
FNDA:68,(anonymous_13)
FNDA:58,(anonymous_14)
FNDA:58,(anonymous_15)
FNDA:43,(anonymous_16)
FNDA:9,(anonymous_17)
FNDA:8,(anonymous_18)
FNDA:8,(anonymous_19)
FNDA:5,(anonymous_20)
FNDA:5,(anonymous_21)
FNDA:133,(anonymous_22)
FNDA:58,(anonymous_23)
DA:9,6
DA:10,8
DA:12,4
DA:13,5
DA:15,1
DA:18,1
DA:28,10
DA:32,10
DA:35,443
DA:39,35
DA:46,1
DA:57,491
DA:58,491
DA:59,273
DA:60,268
DA:61,268
DA:62,268
DA:63,263
DA:64,263
DA:77,63
DA:78,63
DA:79,11
DA:81,52
DA:82,52
DA:83,52
DA:84,50
DA:85,50
DA:86,50
DA:89,63
DA:99,233
DA:100,233
DA:101,233
DA:103,233
DA:113,146
DA:114,162
DA:122,68
DA:123,58
DA:133,15
DA:134,15
DA:135,14
DA:136,43
DA:147,13
DA:148,13
DA:149,13
DA:150,12
DA:151,12
DA:152,12
DA:153,12
DA:155,5
DA:157,7
DA:158,4
DA:159,12
DA:162,9
DA:173,8
DA:174,8
DA:185,5
DA:186,5
DA:197,133
DA:198,133
DA:199,4
DA:201,129
DA:202,129
DA:203,11
DA:205,118
DA:206,118
DA:208,118
DA:209,116
DA:212,7
DA:214,109
DA:215,16
DA:216,16
DA:217,16
DA:218,15
DA:219,15
DA:221,93
DA:222,93
DA:223,35
DA:225,58
DA:226,58
DA:227,33
DA:228,33
DA:230,25
DA:238,2
DA:250,58
DA:251,58
DA:252,57
DA:253,2
DA:255,55
DA:256,55
DA:257,55
DA:258,14
DA:259,14
DA:260,14
DA:261,13
DA:262,13
DA:264,41
DA:265,25
DA:267,16
DA:268,16
DA:269,5
DA:270,5
DA:272,11
DA:278,1
LF:103
LH:103
BRDA:58,0,0,218
BRDA:58,0,1,273
BRDA:59,1,0,268
BRDA:59,1,1,5
BRDA:62,2,0,263
BRDA:62,2,1,5
BRDA:63,3,0,213
BRDA:63,3,1,50
BRDA:78,4,0,11
BRDA:78,4,1,52
BRDA:78,5,0,63
BRDA:78,5,1,53
BRDA:83,6,0,50
BRDA:83,6,1,2
BRDA:84,7,0,24
BRDA:84,7,1,26
BRDA:134,8,0,1
BRDA:134,8,1,14
BRDA:149,9,0,1
BRDA:149,9,1,12
BRDA:152,10,0,9
BRDA:152,10,1,3
BRDA:153,11,0,5
BRDA:153,11,1,7
BRDA:157,12,0,3
BRDA:157,12,1,4
BRDA:198,13,0,4
BRDA:198,13,1,129
BRDA:198,14,0,133
BRDA:198,14,1,120
BRDA:198,14,2,118
BRDA:202,15,0,11
BRDA:202,15,1,118
BRDA:208,16,0,116
BRDA:208,16,1,2
BRDA:209,17,0,7
BRDA:209,17,1,109
BRDA:209,18,0,116
BRDA:209,18,1,7
BRDA:212,19,0,7
BRDA:212,19,1,2
BRDA:214,20,0,16
BRDA:214,20,1,93
BRDA:217,21,0,1
BRDA:217,21,1,15
BRDA:217,22,0,16
BRDA:217,22,1,7
BRDA:218,23,0,15
BRDA:218,23,1,7
BRDA:222,24,0,35
BRDA:222,24,1,58
BRDA:226,25,0,33
BRDA:226,25,1,25
BRDA:232,26,0,25
BRDA:232,26,1,2
BRDA:251,27,0,57
BRDA:251,27,1,1
BRDA:252,28,0,2
BRDA:252,28,1,55
BRDA:252,29,0,57
BRDA:252,29,1,56
BRDA:257,30,0,14
BRDA:257,30,1,41
BRDA:260,31,0,1
BRDA:260,31,1,13
BRDA:260,32,0,14
BRDA:260,32,1,7
BRDA:261,33,0,13
BRDA:261,33,1,7
BRDA:264,34,0,25
BRDA:264,34,1,16
BRDA:268,35,0,5
BRDA:268,35,1,11
BRDA:274,36,0,11
BRDA:274,36,1,1
BRF:75
BRH:75
end_of_record
TN:
SF:src\PropertyName.js
FN:6,(anonymous_0)
FN:13,(anonymous_1)
FN:20,(anonymous_2)
FN:27,(anonymous_3)
FN:34,(anonymous_4)
FN:41,(anonymous_5)
FN:48,(anonymous_6)
FN:55,(anonymous_7)
FN:62,(anonymous_8)
FN:69,(anonymous_9)
FN:76,(anonymous_10)
FN:83,(anonymous_11)
FN:91,(anonymous_12)
FN:95,(anonymous_13)
FN:98,(anonymous_14)
FN:103,(anonymous_15)
FN:123,(anonymous_16)
FN:134,(anonymous_17)
FN:143,(anonymous_18)
FNF:19
FNH:19
FNDA:589,(anonymous_0)
FNDA:7,(anonymous_1)
FNDA:7,(anonymous_2)
FNDA:600,(anonymous_3)
FNDA:7,(anonymous_4)
FNDA:7,(anonymous_5)
FNDA:396,(anonymous_6)
FNDA:14,(anonymous_7)
FNDA:362,(anonymous_8)
FNDA:60,(anonymous_9)
FNDA:43,(anonymous_10)
FNDA:29,(anonymous_11)
FNDA:38,(anonymous_12)
FNDA:53,(anonymous_13)
FNDA:53,(anonymous_14)
FNDA:91,(anonymous_15)
FNDA:486,(anonymous_16)
FNDA:2,(anonymous_17)
FNDA:84,(anonymous_18)
DA:7,589
DA:14,7
DA:21,7
DA:28,600
DA:35,7
DA:42,7
DA:49,396
DA:56,14
DA:63,362
DA:70,60
DA:77,43
DA:84,29
DA:92,38
DA:93,38
DA:94,38
DA:95,38
DA:96,53
DA:97,53
DA:98,53
DA:99,38
DA:100,38
DA:101,38
DA:102,38
DA:103,91
DA:104,38
DA:105,38
DA:106,38
DA:107,38
DA:108,22
DA:109,31
DA:110,22
DA:111,22
DA:112,22
DA:124,486
DA:125,486
DA:126,31
DA:127,31
DA:128,31
DA:133,2
DA:135,2
DA:144,84
DA:145,84
DA:146,84
DA:147,233
DA:148,233
DA:149,171
DA:151,62
DA:152,62
DA:155,84
LF:49
LH:49
BRDA:96,0,0,53
BRDA:96,0,1,28
BRDA:103,1,0,32
BRDA:103,1,1,59
BRDA:107,2,0,22
BRDA:107,2,1,16
BRDA:109,3,0,22
BRDA:109,3,1,9
BRDA:125,4,0,455
BRDA:125,4,1,31
BRDA:148,5,0,171
BRDA:148,5,1,62
BRF:12
BRH:12
end_of_record
